2025-07-03 21:54:00 | INFO | repo=tictactoe | action=test | passed=true
2025-04-03 19:37:00 | INFO | repo=tictactoe | action=commit
2025-07-10 21:32:00 | DEBUG | repo=tictactoe | action=pull
2025-12-06 13:41:00 | DEBUG | repo=tictactoe | action=commit
2025-08-23 16:17:00 | INFO | repo=tictactoe | action=test | passed=true
2025-12-08 18:17:00 | DEBUG | repo=tictactoe | action=pull
2025-03-22 18:41:00 | DEBUG | repo=tictactoe | action=edit | files=4
2025-03-26 21:26:00 | INFO | repo=tictactoe | action=commit
2025-03-20 20:08:00 | INFO | repo=tictactoe | action=pull
2025-07-14 19:36:00 | DEBUG | repo=tictactoe | action=commit
2025-04-25 12:52:00 | INFO | repo=tictactoe | action=pull
2025-07-08 13:57:00 | INFO | repo=tictactoe | action=commit
2025-09-25 16:13:00 | INFO | repo=tictactoe | action=commit
2025-04-10 08:00:00 | WARN | repo=tictactoe | action=commit
2025-02-14 18:35:00 | WARN | repo=tictactoe | action=commit
2025-10-13 20:33:00 | WARN | repo=tictactoe | action=pull
2025-02-18 08:44:00 | DEBUG | repo=tictactoe | action=commit
2025-06-21 12:11:00 | WARN | repo=tictactoe | action=commit
2025-03-15 14:03:00 | INFO | repo=tictactoe | action=commit
2025-09-14 16:20:00 | INFO | repo=tictactoe | action=commit
